  Running VPC CRC Check - steamworksexample.vpc
C:\Program Files\Microsoft Visual Studio\2022\Enterprise\MSBuild\Microsoft\VC\v170\Microsoft.CppCommon.targets(247,5): warning MSB8064: Custom build for item "steamworksexample.vpc" succeeded, but specified dependency "d:\projects\unreal\sdk\steamworksexample\steamworksexample.vpc" does not exist. This may cause incremental build to work incorrectly.
  Main.cpp
  stdafx.cpp
  gameenginewin32.cpp
  VectorEntity.cpp
  BaseMenu.cpp
  clanchatroom.cpp
  connectingmenu.cpp
  Friends.cpp
  htmlsurface.cpp
  Inventory.cpp
  ItemStore.cpp
  Leaderboards.cpp
  Lobby.cpp
  MainMenu.cpp
  musicplayer.cpp
  OverlayExamples.cpp
D:\Projects\Unreal\sdk\steamworksexample\stdafx.h(60,10): fatal  error C1083: Cannot open include file: 'd3dx9.h': No such file or directory (compiling source file gameenginewin32.cpp)
D:\Projects\Unreal\sdk\steamworksexample\stdafx.h(60,10): fatal  error C1083: Cannot open include file: 'd3dx9.h': No such file or directory (compiling source file stdafx.cpp)
D:\Projects\Unreal\sdk\steamworksexample\stdafx.h(60,10): fatal  error C1083: Cannot open include file: 'd3dx9.h': No such file or directory (compiling source file VectorEntity.cpp)
D:\Projects\Unreal\sdk\steamworksexample\stdafx.h(60,10): fatal  error C1083: Cannot open include file: 'd3dx9.h': No such file or directory (compiling source file clanchatroom.cpp)
D:\Projects\Unreal\sdk\steamworksexample\stdafx.h(60,10): fatal  error C1083: Cannot open include file: 'd3dx9.h': No such file or directory (compiling source file Lobby.cpp)
D:\Projects\Unreal\sdk\steamworksexample\stdafx.h(60,10): fatal  error C1083: Cannot open include file: 'd3dx9.h': No such file or directory (compiling source file Inventory.cpp)
D:\Projects\Unreal\sdk\steamworksexample\stdafx.h(60,10): fatal  error C1083: Cannot open include file: 'd3dx9.h': No such file or directory (compiling source file Main.cpp)
D:\Projects\Unreal\sdk\steamworksexample\stdafx.h(60,10): fatal  error C1083: Cannot open include file: 'd3dx9.h': No such file or directory (compiling source file OverlayExamples.cpp)
D:\Projects\Unreal\sdk\steamworksexample\stdafx.h(60,10): fatal  error C1083: Cannot open include file: 'd3dx9.h': No such file or directory (compiling source file musicplayer.cpp)
D:\Projects\Unreal\sdk\steamworksexample\stdafx.h(60,10): fatal  error C1083: Cannot open include file: 'd3dx9.h': No such file or directory (compiling source file BaseMenu.cpp)
D:\Projects\Unreal\sdk\steamworksexample\stdafx.h(60,10): fatal  error C1083: Cannot open include file: 'd3dx9.h': No such file or directory (compiling source file MainMenu.cpp)
D:\Projects\Unreal\sdk\steamworksexample\stdafx.h(60,10): fatal  error C1083: Cannot open include file: 'd3dx9.h': No such file or directory (compiling source file connectingmenu.cpp)
D:\Projects\Unreal\sdk\steamworksexample\stdafx.h(60,10): fatal  error C1083: Cannot open include file: 'd3dx9.h': No such file or directory (compiling source file ItemStore.cpp)
D:\Projects\Unreal\sdk\steamworksexample\stdafx.h(60,10): fatal  error C1083: Cannot open include file: 'd3dx9.h': No such file or directory (compiling source file Friends.cpp)
D:\Projects\Unreal\sdk\steamworksexample\stdafx.h(60,10): fatal  error C1083: Cannot open include file: 'd3dx9.h': No such file or directory (compiling source file htmlsurface.cpp)
D:\Projects\Unreal\sdk\steamworksexample\stdafx.h(60,10): fatal  error C1083: Cannot open include file: 'd3dx9.h': No such file or directory (compiling source file Leaderboards.cpp)
  p2pauth.cpp
  PhotonBeam.cpp
  QuitMenu.cpp
  RemotePlay.cpp
  RemoteStorage.cpp
  remotestoragesync.cpp
  ServerBrowser.cpp
  Ship.cpp
  SpaceWarClient.cpp
  SpaceWarEntity.cpp
  SpaceWarServer.cpp
  StarField.cpp
  StatsAndAchievements.cpp
  Sun.cpp
  voicechat.cpp
D:\Projects\Unreal\sdk\steamworksexample\stdafx.h(60,10): fatal  error C1083: Cannot open include file: 'd3dx9.h': No such file or directory (compiling source file SpaceWarClient.cpp)
D:\Projects\Unreal\sdk\steamworksexample\stdafx.h(60,10): fatal  error C1083: Cannot open include file: 'd3dx9.h': No such file or directory (compiling source file StatsAndAchievements.cpp)
D:\Projects\Unreal\sdk\steamworksexample\stdafx.h(60,10): fatal  error C1083: Cannot open include file: 'd3dx9.h': No such file or directory (compiling source file QuitMenu.cpp)
D:\Projects\Unreal\sdk\steamworksexample\stdafx.h(60,10): fatal  error C1083: Cannot open include file: 'd3dx9.h': No such file or directory (compiling source file SpaceWarEntity.cpp)
D:\Projects\Unreal\sdk\steamworksexample\stdafx.h(60,10): fatal  error C1083: Cannot open include file: 'd3dx9.h': No such file or directory (compiling source file remotestoragesync.cpp)
D:\Projects\Unreal\sdk\steamworksexample\stdafx.h(60,10): fatal  error C1083: Cannot open include file: 'd3dx9.h': No such file or directory (compiling source file Ship.cpp)
D:\Projects\Unreal\sdk\steamworksexample\stdafx.h(60,10): fatal  error C1083: Cannot open include file: 'd3dx9.h': No such file or directory (compiling source file SpaceWarServer.cpp)
D:\Projects\Unreal\sdk\steamworksexample\stdafx.h(60,10): fatal  error C1083: Cannot open include file: 'd3dx9.h': No such file or directory (compiling source file PhotonBeam.cpp)
D:\Projects\Unreal\sdk\steamworksexample\stdafx.h(60,10): fatal  error C1083: Cannot open include file: 'd3dx9.h': No such file or directory (compiling source file Sun.cpp)
D:\Projects\Unreal\sdk\steamworksexample\stdafx.h(60,10): fatal  error C1083: Cannot open include file: 'd3dx9.h': No such file or directory (compiling source file StarField.cpp)
D:\Projects\Unreal\sdk\steamworksexample\stdafx.h(60,10): fatal  error C1083: Cannot open include file: 'd3dx9.h': No such file or directory (compiling source file ServerBrowser.cpp)
D:\Projects\Unreal\sdk\steamworksexample\stdafx.h(60,10): fatal  error C1083: Cannot open include file: 'd3dx9.h': No such file or directory (compiling source file RemotePlay.cpp)
D:\Projects\Unreal\sdk\steamworksexample\stdafx.h(60,10): fatal  error C1083: Cannot open include file: 'd3dx9.h': No such file or directory (compiling source file RemoteStorage.cpp)
D:\Projects\Unreal\sdk\steamworksexample\stdafx.h(60,10): fatal  error C1083: Cannot open include file: 'd3dx9.h': No such file or directory (compiling source file voicechat.cpp)
D:\Projects\Unreal\sdk\steamworksexample\stdafx.h(60,10): fatal  error C1083: Cannot open include file: 'd3dx9.h': No such file or directory (compiling source file p2pauth.cpp)
